<?xml version="1.0" encoding="UTF-8"?>
<!-- Generated by org.testng.reporters.JUnitXMLReporter -->
<testsuite ignored="0" hostname="ihsanbasoeky" failures="0" tests="2" name="Error Validation Test" time="10.62" errors="0" timestamp="2024-04-23T02:43:36 WIB">
  <testcase classname="rahulshettyacademy.tests.ErrorValidationsTest" name="LoginErrorValidation" time="0.902"/>
  <testcase classname="rahulshettyacademy.tests.ErrorValidationsTest" name="ProductErrorValidation" time="1.94"/>
</testsuite> <!-- Error Validation Test -->
