<?xml version="1.0" encoding="UTF-8"?>
<testng-results ignored="0" total="6" passed="6" failed="0" skipped="0">
  <reporter-output>
  </reporter-output>
  <suite started-at="2024-04-23T02:43:26 WIB" name="Suite" finished-at="2024-04-23T02:43:47 WIB" duration-ms="20982">
    <groups>
      <group name="ErrorHandling">
        <method signature="ErrorValidationsTest.LoginErrorValidation()[pri:0, instance:rahulshettyacademy.tests.ErrorValidationsTest@1224144a]" name="LoginErrorValidation" class="rahulshettyacademy.tests.ErrorValidationsTest"/>
      </group> <!-- ErrorHandling -->
      <group name="Purchase">
        <method signature="SubmitOrderTest.submitOrder(java.util.HashMap)[pri:0, instance:rahulshettyacademy.tests.SubmitOrderTest@6f204a1a]" name="submitOrder" class="rahulshettyacademy.tests.SubmitOrderTest"/>
      </group> <!-- Purchase -->
    </groups>
    <test started-at="2024-04-23T02:43:26 WIB" name="Error Validation Test" finished-at="2024-04-23T02:43:36 WIB" duration-ms="10620">
      <class name="rahulshettyacademy.tests.ErrorValidationsTest">
        <test-method is-config="true" signature="launchApplication()[pri:0, instance:rahulshettyacademy.tests.ErrorValidationsTest@1224144a]" started-at="2024-04-23T02:43:26 WIB" name="launchApplication" finished-at="2024-04-23T02:43:30 WIB" duration-ms="4312" status="PASS">
          <reporter-output>
          </reporter-output>
        </test-method> <!-- launchApplication -->
        <test-method signature="LoginErrorValidation()[pri:0, instance:rahulshettyacademy.tests.ErrorValidationsTest@1224144a]" started-at="2024-04-23T02:43:30 WIB" name="LoginErrorValidation" finished-at="2024-04-23T02:43:31 WIB" duration-ms="902" status="PASS">
          <reporter-output>
          </reporter-output>
        </test-method> <!-- LoginErrorValidation -->
        <test-method is-config="true" signature="closeDriver()[pri:0, instance:rahulshettyacademy.tests.ErrorValidationsTest@1224144a]" started-at="2024-04-23T02:43:31 WIB" name="closeDriver" finished-at="2024-04-23T02:43:31 WIB" duration-ms="26" status="PASS">
          <reporter-output>
          </reporter-output>
        </test-method> <!-- closeDriver -->
        <test-method is-config="true" signature="launchApplication()[pri:0, instance:rahulshettyacademy.tests.ErrorValidationsTest@1224144a]" started-at="2024-04-23T02:43:31 WIB" name="launchApplication" finished-at="2024-04-23T02:43:34 WIB" duration-ms="3380" status="PASS">
          <reporter-output>
          </reporter-output>
        </test-method> <!-- launchApplication -->
        <test-method signature="ProductErrorValidation()[pri:0, instance:rahulshettyacademy.tests.ErrorValidationsTest@1224144a]" started-at="2024-04-23T02:43:34 WIB" name="ProductErrorValidation" finished-at="2024-04-23T02:43:36 WIB" duration-ms="1940" status="PASS">
          <reporter-output>
          </reporter-output>
        </test-method> <!-- ProductErrorValidation -->
        <test-method is-config="true" signature="closeDriver()[pri:0, instance:rahulshettyacademy.tests.ErrorValidationsTest@1224144a]" started-at="2024-04-23T02:43:36 WIB" name="closeDriver" finished-at="2024-04-23T02:43:36 WIB" duration-ms="21" status="PASS">
          <reporter-output>
          </reporter-output>
        </test-method> <!-- closeDriver -->
      </class> <!-- rahulshettyacademy.tests.ErrorValidationsTest -->
    </test> <!-- Error Validation Test -->
    <test started-at="2024-04-23T02:43:26 WIB" name="Submit Order Test" finished-at="2024-04-23T02:43:47 WIB" duration-ms="20982">
      <class name="rahulshettyacademy.tests.SubmitOrderTest">
        <test-method is-config="true" signature="launchApplication()[pri:0, instance:rahulshettyacademy.tests.SubmitOrderTest@6f204a1a]" started-at="2024-04-23T02:43:26 WIB" name="launchApplication" finished-at="2024-04-23T02:43:30 WIB" duration-ms="3840" status="PASS">
          <reporter-output>
          </reporter-output>
        </test-method> <!-- launchApplication -->
        <test-method signature="submitOrder(java.util.HashMap)[pri:0, instance:rahulshettyacademy.tests.SubmitOrderTest@6f204a1a]" started-at="2024-04-23T02:43:30 WIB" name="submitOrder" data-provider="getData" finished-at="2024-04-23T02:43:32 WIB" duration-ms="2767" status="PASS">
          <params>
            <param index="0">
              <value>
                <![CDATA[{password=Test@Ihsan123, product=ZARA COAT 3, email=sani@gmail.com}]]>
              </value>
            </param>
          </params>
          <reporter-output>
          </reporter-output>
        </test-method> <!-- submitOrder -->
        <test-method is-config="true" signature="closeDriver()[pri:0, instance:rahulshettyacademy.tests.SubmitOrderTest@6f204a1a]" started-at="2024-04-23T02:43:32 WIB" name="closeDriver" finished-at="2024-04-23T02:43:32 WIB" duration-ms="24" status="PASS">
          <reporter-output>
          </reporter-output>
        </test-method> <!-- closeDriver -->
        <test-method is-config="true" signature="launchApplication()[pri:0, instance:rahulshettyacademy.tests.SubmitOrderTest@6f204a1a]" started-at="2024-04-23T02:43:32 WIB" name="launchApplication" finished-at="2024-04-23T02:43:36 WIB" duration-ms="3435" status="PASS">
          <reporter-output>
          </reporter-output>
        </test-method> <!-- launchApplication -->
        <test-method signature="submitOrder(java.util.HashMap)[pri:0, instance:rahulshettyacademy.tests.SubmitOrderTest@6f204a1a]" started-at="2024-04-23T02:43:36 WIB" name="submitOrder" data-provider="getData" finished-at="2024-04-23T02:43:39 WIB" duration-ms="2777" status="PASS">
          <params>
            <param index="0">
              <value>
                <![CDATA[{password=Test#NG123, product=ADIDAS ORIGINAL, email=test@ng.com}]]>
              </value>
            </param>
          </params>
          <reporter-output>
          </reporter-output>
        </test-method> <!-- submitOrder -->
        <test-method is-config="true" signature="closeDriver()[pri:0, instance:rahulshettyacademy.tests.SubmitOrderTest@6f204a1a]" started-at="2024-04-23T02:43:39 WIB" name="closeDriver" finished-at="2024-04-23T02:43:39 WIB" duration-ms="23" status="PASS">
          <reporter-output>
          </reporter-output>
        </test-method> <!-- closeDriver -->
        <test-method is-config="true" signature="launchApplication()[pri:0, instance:rahulshettyacademy.tests.SubmitOrderTest@6f204a1a]" started-at="2024-04-23T02:43:39 WIB" name="launchApplication" finished-at="2024-04-23T02:43:42 WIB" duration-ms="3432" status="PASS">
          <reporter-output>
          </reporter-output>
        </test-method> <!-- launchApplication -->
        <test-method signature="orderHistory(java.util.HashMap)[pri:0, instance:rahulshettyacademy.tests.SubmitOrderTest@6f204a1a]" started-at="2024-04-23T02:43:42 WIB" name="orderHistory" data-provider="getData" finished-at="2024-04-23T02:43:43 WIB" depends-on-methods="rahulshettyacademy.tests.SubmitOrderTest.submitOrder" duration-ms="521" status="PASS">
          <params>
            <param index="0">
              <value>
                <![CDATA[{password=Test@Ihsan123, product=ZARA COAT 3, email=sani@gmail.com}]]>
              </value>
            </param>
          </params>
          <reporter-output>
          </reporter-output>
        </test-method> <!-- orderHistory -->
        <test-method is-config="true" signature="closeDriver()[pri:0, instance:rahulshettyacademy.tests.SubmitOrderTest@6f204a1a]" started-at="2024-04-23T02:43:43 WIB" name="closeDriver" finished-at="2024-04-23T02:43:43 WIB" duration-ms="21" status="PASS">
          <reporter-output>
          </reporter-output>
        </test-method> <!-- closeDriver -->
        <test-method is-config="true" signature="launchApplication()[pri:0, instance:rahulshettyacademy.tests.SubmitOrderTest@6f204a1a]" started-at="2024-04-23T02:43:43 WIB" name="launchApplication" finished-at="2024-04-23T02:43:46 WIB" duration-ms="3366" status="PASS">
          <reporter-output>
          </reporter-output>
        </test-method> <!-- launchApplication -->
        <test-method signature="orderHistory(java.util.HashMap)[pri:0, instance:rahulshettyacademy.tests.SubmitOrderTest@6f204a1a]" started-at="2024-04-23T02:43:46 WIB" name="orderHistory" data-provider="getData" finished-at="2024-04-23T02:43:47 WIB" depends-on-methods="rahulshettyacademy.tests.SubmitOrderTest.submitOrder" duration-ms="512" status="PASS">
          <params>
            <param index="0">
              <value>
                <![CDATA[{password=Test#NG123, product=ADIDAS ORIGINAL, email=test@ng.com}]]>
              </value>
            </param>
          </params>
          <reporter-output>
          </reporter-output>
        </test-method> <!-- orderHistory -->
        <test-method is-config="true" signature="closeDriver()[pri:0, instance:rahulshettyacademy.tests.SubmitOrderTest@6f204a1a]" started-at="2024-04-23T02:43:47 WIB" name="closeDriver" finished-at="2024-04-23T02:43:47 WIB" duration-ms="21" status="PASS">
          <reporter-output>
          </reporter-output>
        </test-method> <!-- closeDriver -->
      </class> <!-- rahulshettyacademy.tests.SubmitOrderTest -->
    </test> <!-- Submit Order Test -->
  </suite> <!-- Suite -->
</testng-results>
